2025-06-01 01:53:11.575487: Opened notepad
2025-06-01 01:53:25.480638: Opened notepad
2025-06-01 01:53:46.860731: Opened teams
2025-06-01 01:54:27.727285: Opened control panel
2025-06-01 01:54:39.331879: Closed control panel
2025-06-01 01:54:46.304222: Closed control panel
2025-06-01 02:00:10.449053: Opened chrome
2025-06-01 02:00:15.894239: Closed chrome
2025-06-01 02:00:34.461777: Opened age
2025-06-01 02:00:49.818817: Opened firefox
2025-06-01 02:01:12.598439: Opened brave
2025-06-01 02:01:29.828307: Opened settings
2025-06-01 02:01:51.841271: Opened outlook
2025-06-01 02:02:06.947187: Closed outlook
2025-06-01 02:02:19.716050: Opened wps
2025-06-01 02:03:02.254635: Opened w
2025-06-01 02:03:15.599786: Opened wps
2025-06-01 02:03:23.364305: Closed wps
2025-06-01 02:03:34.862504: Closed w
2025-06-01 02:04:00.944705: Opened visual studio code
2025-06-01 02:04:15.903279: Opened visual studio code
2025-06-01 02:04:36.049442: Opened visual studio code
2025-06-01 02:05:44.710249: Opened visual studio code
2025-06-01 02:05:58.862923: Opened visual studio code
2025-06-01 02:06:21.753149: Opened 2022
2025-06-01 02:06:59.544318: Closed 2201
2025-06-01 02:07:05.711555: Closed to zero
2025-06-01 02:07:14.547065: Closed 2022
2025-06-01 02:07:26.784087: Closed blend
2025-06-01 02:07:43.039139: Opened studio
2025-06-01 02:07:56.271312: Opened studio
2025-06-01 02:12:49.666011: Opened visual studio code
2025-06-01 02:13:13.326808: Opened visual studio code
2025-06-01 02:13:41.850457: Opened visual studio code
2025-06-01 02:14:03.711344: Opened visual studio code
2025-06-01 02:24:15.228242: Opened visual studio code
2025-06-02 10:01:45.758581: Opened notepad
2025-06-02 10:01:52.359968: Closed notepad
2025-06-02 10:03:12.832778: Opened settings
2025-06-02 10:03:49.825122: Opened settings
2025-06-02 10:04:26.067546: Opened settings
2025-06-02 10:05:23.420890: Opened task manager
2025-06-02 10:05:29.545865: Closed task manager
2025-06-02 10:05:47.195322: Opened control panel
2025-06-02 10:06:02.306349: Closed control panel
2025-06-02 10:06:08.813788: Closed murder
2025-06-02 10:06:14.927069: Opened wps
2025-06-02 10:06:29.829272: Closed wps
2025-06-02 10:24:33.584304: Opened settings
2025-06-02 17:47:32.738679: Opened notepad
2025-06-02 17:48:50.156612: Opened wps
2025-06-04 00:39:01.252158: Opened visual studio code
2025-06-04 00:43:28.100880: Opened visual
2025-06-04 19:33:45.568861: Opened notepad
2025-06-04 19:33:56.274433: Opened wps
2025-06-04 19:34:04.015613: Closed wps
2025-06-04 19:43:01.795709: Opened notepad
2025-06-04 19:43:14.722503: Opened visual studio code
2025-06-04 19:43:28.794647: Opened visual studio code
2025-08-25 16:32:55.822135: Opened task manager
2025-08-25 16:35:56.947138: Opened task manager
